build/app/outputs/mapping/release/seeds.txt
io.flutter.embedding.engine.renderer.SurfaceTextureWrapper: android.graphics.SurfaceTexture surfaceTexture()
io.flutter.view.AccessibilityViewEmbedder: AccessibilityViewEmbedder(android.view.View,int)
com.google.android.exoplayer2.source.smoothstreaming.SsMediaSource$Factory: SsMediaSource$Factory(com.google.android.exoplayer2.upstream.DataSource$Factory)
com.google.android.exoplayer2.audio.DefaultAudioSink$Api23: void setPreferredDeviceOnAudioTrack(android.media.AudioTrack,com.google.android.exoplayer2.audio.DefaultAudioSink$AudioDeviceInfoApi23)
io.flutter.embedding.engine.FlutterJNI: float getScaledFontSize(float,int)
androidx.media2.session.MediaSession$CommandButton: MediaSession$CommandButton()
androidx.lifecycle.ProcessLifecycleInitializer: ProcessLifecycleInitializer()
io.flutter.plugins.pathprovider.Messages$StorageDirectory: io.flutter.plugins.pathprovider.Messages$StorageDirectory[] values()
androidx.lifecycle.ProcessLifecycleOwner$Api29Impl: void registerActivityLifecycleCallbacks(android.app.Activity,android.app.Application$ActivityLifecycleCallbacks)
androidx.core.graphics.drawable.IconCompat$Api28Impl: int getType(java.lang.Object)
io.flutter.view.AccessibilityBridge$AccessibilityFeature: io.flutter.view.AccessibilityBridge$AccessibilityFeature valueOf(java.lang.String)
androidx.window.area.reflectionguard.WindowAreaComponentApi3Requirements: android.util.DisplayMetrics getRearDisplayMetrics()
io.flutter.plugins.pathprovider.Messages$StorageDirectory: io.flutter.plugins.pathprovider.Messages$StorageDirectory valueOf(java.lang.String)
io.flutter.view.TextureRegistry$SurfaceTextureEntry: void setOnTrimMemoryListener(io.flutter.view.TextureRegistry$OnTrimMemoryListener)
io.flutter.plugin.editing.ImeSyncDeferringInsetsCallback: void install()
io.flutter.plugin.editing.ImeSyncDeferringInsetsCallback: android.view.View$OnApplyWindowInsetsListener getInsetsListener()
io.flutter.embedding.engine.renderer.FlutterRenderer$ImageReaderSurfaceProducer: android.media.Image acquireLatestImage()
androidx.core.app.RemoteActionCompatParcelizer: RemoteActionCompatParcelizer()
androidx.lifecycle.ReportFragment$LifecycleCallbacks: void onActivityPaused(android.app.Activity)
kotlin.coroutines.intrinsics.CoroutineSingletons: kotlin.coroutines.intrinsics.CoroutineSingletons[] values()
io.flutter.embedding.engine.FlutterJNI: void dispatchSemanticsAction(int,io.flutter.view.AccessibilityBridge$Action)
androidx.media2.session.StarRatingParcelizer: StarRatingParcelizer()
androidx.core.graphics.drawable.IconCompat$Api23Impl: android.net.Uri getUri(java.lang.Object)
androidx.core.content.ContextCompat$Api28Impl: java.util.concurrent.Executor getMainExecutor(android.content.Context)
androidx.lifecycle.ProcessLifecycleOwner$attach$1: void onActivityPaused(android.app.Activity)
androidx.media2.session.SessionCommandParcelizer: SessionCommandParcelizer()
androidx.core.view.DisplayCutoutCompat$Api28Impl: int getSafeInsetTop(android.view.DisplayCutout)
android.support.v4.media.MediaDescriptionCompat$Api21Impl: java.lang.CharSequence getTitle(android.media.MediaDescription)
io.flutter.embedding.engine.FlutterJNI: void registerImageTexture(long,io.flutter.view.TextureRegistry$ImageConsumer)
androidx.media2.common.MediaMetadataParcelizer: androidx.media2.common.MediaMetadata read(androidx.versionedparcelable.VersionedParcel)
android.support.v4.media.AudioAttributesCompatParcelizer: AudioAttributesCompatParcelizer()
androidx.core.view.DisplayCutoutCompat$Api28Impl: java.util.List getBoundingRects(android.view.DisplayCutout)
androidx.core.app.AppOpsManagerCompat$Api29Impl: java.lang.String getOpPackageName(android.content.Context)
androidx.startup.InitializationProvider: InitializationProvider()
androidx.media2.session.SessionCommandGroupParcelizer: androidx.media2.session.SessionCommandGroup read(androidx.versionedparcelable.VersionedParcel)