build/app/outputs/mapping/release/usage.txt
com.google.android.exoplayer2.trackselection.TrackSelectionUtil:
    private void <init>()
    public static com.google.android.exoplayer2.trackselection.ExoTrackSelection[] createTrackSelectionsForDefinitions(com.google.android.exoplayer2.trackselection.ExoTrackSelection$Definition[],com.google.android.exoplayer2.trackselection.TrackSelectionUtil$AdaptiveTrackSelectionFactory)
    public static com.google.android.exoplayer2.trackselection.DefaultTrackSelector$Parameters updateParametersWithOverride(com.google.android.exoplayer2.trackselection.DefaultTrackSelector$Parameters,int,com.google.android.exoplayer2.source.TrackGroupArray,boolean,com.google.android.exoplayer2.trackselection.DefaultTrackSelector$SelectionOverride)
com.google.android.exoplayer2.trackselection.TrackSelector:
    public com.google.android.exoplayer2.trackselection.TrackSelectionParameters getParameters()
    public void setParameters(com.google.android.exoplayer2.trackselection.TrackSelectionParameters)
com.google.android.exoplayer2.trackselection.TrackSelectorResult:
    public void <init>(com.google.android.exoplayer2.RendererConfiguration[],com.google.android.exoplayer2.trackselection.ExoTrackSelection[],java.lang.Object)
com.google.android.exoplayer2.trackselection.package-info
com.google.android.exoplayer2.ui.AdOverlayInfo$Builder
com.google.android.exoplayer2.ui.AdOverlayInfo$Purpose
com.google.android.exoplayer2.ui.AdOverlayInfo
com.google.android.exoplayer2.ui.AdViewProvider
com.google.android.exoplayer2.ui.DownloadNotificationHelper$Api31
com.google.android.exoplayer2.ui.DownloadNotificationHelper
com.google.android.exoplayer2.ui.package-info
com.google.android.exoplayer2.upstream.Allocator:
    public abstract int getTotalBytesAllocated()
com.google.android.exoplayer2.upstream.AssetDataSource$AssetDataSourceException:
    public void <init>(java.io.IOException)
com.google.android.exoplayer2.upstream.BuildConfig
com.google.android.exoplayer2.upstream.ByteArrayDataSink
com.google.android.exoplayer2.upstream.ByteArrayDataSource
com.google.android.exoplayer2.upstream.CachedRegionTracker$Region
com.google.android.exoplayer2.upstream.CachedRegionTracker
com.google.android.exoplayer2.upstream.ContentDataSource$ContentDataSourceException:
    public void <init>(java.io.IOException)
com.google.android.exoplayer2.upstream.DataSchemeDataSource:
    public static final java.lang.String SCHEME_DATA
com.google.android.exoplayer2.upstream.DataSink$Factory
com.google.android.exoplayer2.upstream.DataSink
com.google.android.exoplayer2.upstream.DataSourceException:
    public static final int POSITION_OUT_OF_RANGE
com.google.android.exoplayer2.upstream.DataSourceInputStream:
    public long bytesRead()
com.google.android.exoplayer2.upstream.DataSourceUtil:
    private void <init>()
    public static byte[] readExactly(com.google.android.exoplayer2.upstream.DataSource,int)
    public static byte[] readToEnd(com.google.android.exoplayer2.upstream.DataSource)
com.google.android.exoplayer2.upstream.DataSpec$Builder:
    public com.google.android.exoplayer2.upstream.DataSpec$Builder setCustomData(java.lang.Object)
    public com.google.android.exoplayer2.upstream.DataSpec$Builder setUriPositionOffset(long)
com.google.android.exoplayer2.upstream.DataSpec$Flags
com.google.android.exoplayer2.upstream.DataSpec$HttpMethod